app/build/intermediates/manifest_merge_blame_file/debug/processDebugMainManifest/manifest-merger-blame-debug-report.txt
1<?xml version="1.0" encoding="utf-8"?>
2<manifest xmlns:android="http://schemas.android.com/apk/res/android"
3    package="com.chasmet.recettemonsieurcuisine"
4    android:versionCode="1"
5    android:versionName="1.0.0" >
6
7    <uses-sdk
8        android:minSdkVersion="21"
9        android:targetSdkVersion="34" />
10
11    <uses-permission android:name="android.permission.VIBRATE" />
11-->src/main/AndroidManifest.xml:2:5-66
11-->src/main/AndroidManifest.xml:2:22-63
12
13    <application
13-->src/main/AndroidManifest.xml:4:5-27:19
14        android:allowBackup="true"
14-->src/main/AndroidManifest.xml:5:9-35
15        android:debuggable="true"
16        android:extractNativeLibs="true"
17        android:icon="@drawable/ic_launcher"
17-->src/main/AndroidManifest.xml:6:9-45
18        android:label="@string/app_name"
18-->src/main/AndroidManifest.xml:7:9-41
19        android:supportsRtl="true"
19-->src/main/AndroidManifest.xml:8:9-35
20        android:theme="@style/AppTheme" >
20-->src/main/AndroidManifest.xml:9:9-40
21        <activity
21-->src/main/AndroidManifest.xml:10:9-13:40
22            android:name="com.chasmet.recettemonsieurcuisine.CookActivity"
22-->src/main/AndroidManifest.xml:11:13-41
23            android:exported="false"
23-->src/main/AndroidManifest.xml:13:13-37
24            android:screenOrientation="portrait" />
24-->src/main/AndroidManifest.xml:12:13-49
25        <activity
25-->src/main/AndroidManifest.xml:14:9-17:40
26            android:name="com.chasmet.recettemonsieurcuisine.RecipeActivity"
26-->src/main/AndroidManifest.xml:15:13-43
27            android:exported="false"
27-->src/main/AndroidManifest.xml:17:13-37
28            android:screenOrientation="portrait" />
28-->src/main/AndroidManifest.xml:16:13-49
29        <activity
29-->src/main/AndroidManifest.xml:18:9-26:20
30            android:name="com.chasmet.recettemonsieurcuisine.MainActivity"
30-->src/main/AndroidManifest.xml:19:13-41
31            android:exported="true"
31-->src/main/AndroidManifest.xml:21:13-36
32            android:screenOrientation="portrait" >
32-->src/main/AndroidManifest.xml:20:13-49
33            <intent-filter>
33-->src/main/AndroidManifest.xml:22:13-25:29
34                <action android:name="android.intent.action.MAIN" />
34-->src/main/AndroidManifest.xml:23:17-69
34-->src/main/AndroidManifest.xml:23:25-66
35
36                <category android:name="android.intent.category.LAUNCHER" />
36-->src/main/AndroidManifest.xml:24:17-77
36-->src/main/AndroidManifest.xml:24:27-74
37            </intent-filter>
38        </activity>
39    </application>
40
41</manifest>